[debug] [2023-08-24T14:00:40.126Z] ----------------------------------------------------------------------
[debug] [2023-08-24T14:00:40.128Z] Command:       C:\Program Files\nodejs\node.exe C:\Users\hp\AppData\Roaming\npm\node_modules\firebase-tools\lib\bin\firebase.js deploy
[debug] [2023-08-24T14:00:40.129Z] CLI Version:   12.4.8
[debug] [2023-08-24T14:00:40.129Z] Platform:      win32
[debug] [2023-08-24T14:00:40.130Z] Node Version:  v18.16.1
[debug] [2023-08-24T14:00:40.130Z] Time:          Thu Aug 24 2023 19:30:40 GMT+0530 (India Standard Time)
[debug] [2023-08-24T14:00:40.130Z] ----------------------------------------------------------------------
[debug] 
[debug] [2023-08-24T14:00:40.134Z] >>> [apiv2][query] GET https://firebase-public.firebaseio.com/cli.json [none]
[debug] [2023-08-24T14:00:40.244Z] > command requires scopes: ["email","openid","https://www.googleapis.com/auth/cloudplatformprojects.readonly","https://www.googleapis.com/auth/firebase","https://www.googleapis.com/auth/cloud-platform"]
[debug] [2023-08-24T14:00:40.244Z] > authorizing via signed-in user (pagadamaulik4@gmail.com)
[debug] [2023-08-24T14:00:40.245Z] [iam] checking project cityhospital1 for permissions ["firebase.projects.get","firebasehosting.sites.update"]
[debug] [2023-08-24T14:00:40.245Z] > refreshing access token with scopes: []
[debug] [2023-08-24T14:00:40.246Z] >>> [apiv2][query] POST https://www.googleapis.com/oauth2/v3/token [none]
[debug] [2023-08-24T14:00:40.246Z] >>> [apiv2][body] POST https://www.googleapis.com/oauth2/v3/token [omitted]
[debug] [2023-08-24T14:00:41.356Z] <<< [apiv2][status] GET https://firebase-public.firebaseio.com/cli.json 200
[debug] [2023-08-24T14:00:41.356Z] <<< [apiv2][body] GET https://firebase-public.firebaseio.com/cli.json {"cloudBuildErrorAfter":1594252800000,"cloudBuildWarnAfter":1590019200000,"defaultNode10After":1594252800000,"minVersion":"3.0.5","node8DeploysDisabledAfter":1613390400000,"node8RuntimeDisabledAfter":1615809600000,"node8WarnAfter":1600128000000}
[debug] [2023-08-24T14:00:42.404Z] <<< [apiv2][status] POST https://www.googleapis.com/oauth2/v3/token 200
[debug] [2023-08-24T14:00:42.404Z] <<< [apiv2][body] POST https://www.googleapis.com/oauth2/v3/token [omitted]
[debug] [2023-08-24T14:00:42.420Z] >>> [apiv2][query] POST https://cloudresourcemanager.googleapis.com/v1/projects/cityhospital1:testIamPermissions [none]
[debug] [2023-08-24T14:00:42.420Z] >>> [apiv2][(partial)header] POST https://cloudresourcemanager.googleapis.com/v1/projects/cityhospital1:testIamPermissions x-goog-quota-user=projects/cityhospital1
[debug] [2023-08-24T14:00:42.420Z] >>> [apiv2][body] POST https://cloudresourcemanager.googleapis.com/v1/projects/cityhospital1:testIamPermissions {"permissions":["firebase.projects.get","firebasehosting.sites.update"]}
[debug] [2023-08-24T14:00:44.325Z] <<< [apiv2][status] POST https://cloudresourcemanager.googleapis.com/v1/projects/cityhospital1:testIamPermissions 200
[debug] [2023-08-24T14:00:44.325Z] <<< [apiv2][body] POST https://cloudresourcemanager.googleapis.com/v1/projects/cityhospital1:testIamPermissions {"permissions":["firebase.projects.get","firebasehosting.sites.update"]}
[debug] [2023-08-24T14:00:44.326Z] >>> [apiv2][query] GET https://firebase.googleapis.com/v1beta1/projects/cityhospital1 [none]
[debug] [2023-08-24T14:00:44.969Z] <<< [apiv2][status] GET https://firebase.googleapis.com/v1beta1/projects/cityhospital1 200
[debug] [2023-08-24T14:00:44.970Z] <<< [apiv2][body] GET https://firebase.googleapis.com/v1beta1/projects/cityhospital1 {"projectId":"cityhospital1","projectNumber":"689176507114","displayName":"cityhospital1","name":"projects/cityhospital1","resources":{"hostingSite":"cityhospital1","storageBucket":"cityhospital1.appspot.com","locationId":"us-central"},"state":"ACTIVE","etag":"1_39332ee0-e8f7-4ec0-b326-246d54b34b42"}
[info] 
[info] === Deploying to 'cityhospital1'...
[info] 
[info] i  deploying hosting 
[debug] [2023-08-24T14:00:44.984Z] >>> [apiv2][query] POST https://firebasehosting.googleapis.com/v1beta1/projects/-/sites/cityhospital1/versions [none]
[debug] [2023-08-24T14:00:44.984Z] >>> [apiv2][body] POST https://firebasehosting.googleapis.com/v1beta1/projects/-/sites/cityhospital1/versions {"status":"CREATED","labels":{"deployment-tool":"cli-firebase"}}
[debug] [2023-08-24T14:00:47.056Z] <<< [apiv2][status] POST https://firebasehosting.googleapis.com/v1beta1/projects/-/sites/cityhospital1/versions 200
[debug] [2023-08-24T14:00:47.056Z] <<< [apiv2][body] POST https://firebasehosting.googleapis.com/v1beta1/projects/-/sites/cityhospital1/versions {"name":"projects/689176507114/sites/cityhospital1/versions/64093d37ed546ebd","status":"CREATED","config":{},"labels":{"deployment-tool":"cli-firebase"}}
[info] i  hosting[cityhospital1]: beginning deploy... 
[info] i  hosting[cityhospital1]: found 149 files in build 
[debug] [2023-08-24T14:00:47.125Z] [hosting] uploading with 200 concurrency
[debug] [2023-08-24T14:00:48.514Z] [hosting] hash cache [YnVpbGQ] stored for 149 files
[debug] [2023-08-24T14:00:48.514Z] [hosting][hash queue][FINAL] {"max":1370,"min":0,"avg":11.95477068871551,"active":0,"complete":149,"success":149,"errored":0,"retried":0,"total":149,"elapsed":1385}
[debug] [2023-08-24T14:00:48.515Z] >>> [apiv2][query] POST https://firebasehosting.googleapis.com/v1beta1/projects/689176507114/sites/cityhospital1/versions/64093d37ed546ebd:populateFiles [none]
[debug] [2023-08-24T14:00:48.515Z] >>> [apiv2][body] POST https://firebasehosting.googleapis.com/v1beta1/projects/689176507114/sites/cityhospital1/versions/64093d37ed546ebd:populateFiles {"files":{"/404.html":"daa499dd96d8229e73235345702ba32f0793f0c8e5c0d30e40e37a5872be57aa","/favicon.ico":"eae62e993eb980ec8a25058c39d5a51feab118bd2100c4deebb2a9c158ec11f9","/logo192.png":"3ee59515172ee198f3be375979df15ac5345183e656720a381b8872b2a39dc8b","/logo512.png":"ee7e2f3fdb8209c4b6fd7bef6ba50d1b9dba30a25bb5c3126df057e1cb6f5331","/manifest.json":"aff3449bdc238776f5d6d967f19ec491b36aed5fb7f23ccff6500736fd58494a","/robots.txt":"bfe106a3fb878dc83461c86818bf74fc1bdc7f28538ba613cd3e775516ce8b49","/assets/img/about.jpg":"e587d5ab9d60a9c3dae0fbc83834e6da307328a5e11a83ef54de20178697abd2","/assets/img/apple-touch-icon.png":"ef0472698dc16ed0cddfe1c9c721f677a527659d4e1e8784755eda922ffc40ed","/assets/img/departments-1.jpg":"335b392fd959f473a3c6cef6ec55c5e87284a2e15f2b26383d6741e791d8fde8","/assets/img/departments-2.jpg":"5a6f8830bdeac66ad54639d8a01b30ba04da0d33da67632a73821556c0eb9632","/assets/img/departments-3.jpg":"9539cd5eeeb6f353f33240a6059c86c8b6b5dec002ad47150bfbf63c59e0ff56","/assets/img/departments-4.jpg":"ddd08f107488604444a1c99c5775ffbe7cd039d71f881f0fde1557d494d07dc4","/assets/img/departments-5.jpg":"94dd9f396168bec0d4025a3462da579bfbc2f42d57f3509babe78bb4fb120fe1","/assets/img/favicon.png":"89c1c026d519d9ccb39ffebc147da7152620635950c400dbafb8e42c19c746fd","/assets/img/hero-bg.jpg":"22908d43fa404cec79866e1e01031f99895611b697bd277751725f7d4381e437","/assets/img/doctors/doctors-1.jpg":"8cf9f2029463d614440d401796037499430336062fae5d62bffdf2e81573a6d9","/assets/img/doctors/doctors-2.jpg":"819a1cb1b3b905d23bdf9e2be7ffd2da3adbc21c4ef5299118e5658373836ae0","/assets/img/doctors/doctors-3.jpg":"281c1835eca1d4776df128d0c38a452d6ebd5f86b6f406102792eb07701d8c33","/assets/img/doctors/doctors-4.jpg":"de1305af8d2fa96738d84aaa8d70152fbeb825f69951c823a106d8cf6ede1422","/assets/img/gallery/gallery-1.jpg":"882b4275c3d5b6806b6c6999c5fb8692ba8e6b3368e2705fac6ad9776fc59b6d","/assets/img/gallery/gallery-2.jpg":"1e41d3f5918bf4f41b0831d675a72511b3dd2e540a2b43dc95895a0c4baa88ea","/assets/img/gallery/gallery-3.jpg":"dbf34d90c046665ea1dc567e3386178bbc6b8cf55129d611aff20ec3e91c74f0","/assets/img/gallery/gallery-4.jpg":"e04b36f3883d36c539ca9f33a371a5bc58953ed3e55446a2df8755adba1b0a8c","/assets/img/gallery/gallery-5.jpg":"cb1787f8e70ca75ebcd324c32ab25b37bef548b61bccbf248ddba64e9347bceb","/assets/img/gallery/gallery-6.jpg":"dfc1f63dad6e32ddefe9867d2acee14695ab8fb677274c7d0056d5e2f183ca70","/assets/img/gallery/gallery-7.jpg":"a3c84ef5957a101cb036bac5762f26dd275d99d82ff8257210c33378a454b845","/assets/img/gallery/gallery-8.jpg":"048879dfb81f9219fc635323f4c400ed2b16e060a890a376fb1b2dc7f77bd388","/assets/img/testimonials/testimonials-1.jpg":"365c7f1e44336b856ff1eb47ab8174e067c1abfb766cd9bf1cdffb9ee63ad7e0","/assets/img/testimonials/testimonials-2.jpg":"3a4d5f939ce91e35a16130984defcf76dc224fd12607b22fd3843ea727d94720","/assets/img/testimonials/testimonials-3.jpg":"3cc94edde9f4cff2162f668c125d80852e77eaa95b76d28a955026dfaa0a7464","/assets/img/testimonials/testimonials-4.jpg":"e42647fabb517062d2c1f4eb8eee3f66b1e4a7e0500541691e45cc1fe52f9f81","/assets/img/testimonials/testimonials-5.jpg":"963b4751213a1881c8b3ce4a8ef1f5b22c241c8c0e67167564457ad2ac9a4f70","/assets/js/main.js":"bca00d299a55956b4e4a7a0fa575eabf3142820479b9bb821334663ddd408b86","/assets/vendor/animate.css/animate.compat.css":"a77131427a4cfbf66ed769d0198bbbd42c7f190fa495772a5c4e9f23f604bd88","/assets/vendor/animate.css/animate.css":"65f736de488e8d6a1d485d103ef0d703ee11038815846c767223e97454056655","/assets/vendor/animate.css/animate.min.css":"0bc58f0d592929c27322650ec87dfb27db32bfde71b1a5bda2992ba91d784a73","/assets/vendor/bootstrap/css/bootstrap-grid.css":"e07292a0532f1942fff834efc84d49515edcec16070048d79da5e8146e63ab87","/assets/vendor/bootstrap/css/bootstrap-grid.css.map":"5aa60b74e8d0aa7b676cda11935210a526da7b42ba7a88e49a28a23b4f363fff","/assets/vendor/bootstrap/css/bootstrap-grid.min.css":"339228411eee1efa0290bcf2ed8e4a4da0d07c4a8364d53faa5eabae35bad125","/assets/vendor/bootstrap/css/bootstrap-grid.min.css.map":"abcacf1dfbcafd21f3c328ec998c607f25ccd4d29fcba74c2540ae666d46922b","/assets/vendor/bootstrap/css/bootstrap-grid.rtl.css":"072db5c89e3bda1bc5db98b62ddfd27c1c446451f272ad748095b53e00e5628a","/assets/vendor/bootstrap/css/bootstrap-grid.rtl.css.map":"5e3c2ed83f4f6bd93f329e474cb39c1165b42e65894779034e3ee580f1f7f24d","/assets/vendor/bootstrap/css/bootstrap-grid.rtl.min.css":"c2ae079b99804cafc86f29944dfd836492334acfba0e70c4a3a7e90bf1f36245","/assets/vendor/bootstrap/css/bootstrap-grid.rtl.min.css.map":"5937549d6356f9f2c214529fd50b264b92707d3ad5eb59db1543798047e6dbc5","/assets/vendor/bootstrap/css/bootstrap-reboot.css":"4de75e4f92532cac861b98d0cae41a6f3852fa1a4320f0ab903c5b36f4dab761","/assets/vendor/bootstrap/css/bootstrap-reboot.css.map":"3952fb71c97d1c4341f292ab4ff266050a08da4ecf20d789d1be1a36af7344e6","/assets/vendor/bootstrap/css/bootstrap-reboot.min.css":"d5c99775ee7bac0e237155b8057a58508a9e766e98df5f67621ef6b661dec183","/assets/vendor/bootstrap/css/bootstrap-reboot.min.css.map":"9d5bde00f4f7cc181c21dc3286411da97af839abeeef8103d151b7b5add6096b","/assets/vendor/bootstrap/css/bootstrap-reboot.rtl.css":"cf6f1b2ee4012379e2f8b26dcdc99d6613a65fb6e818bcfcb0d06ca7a1fb197f","/assets/vendor/bootstrap/css/bootstrap-reboot.rtl.css.map":"55684e3055f1487d12f83a56b8306655126468f34c17edf56a04ab828234027f","/assets/vendor/bootstrap/css/bootstrap-reboot.rtl.min.css":"266025d71fb8eda9a8b4a1257684a0d511727214e0b5bcf8d3e5ec99fa2ec472","/assets/vendor/bootstrap/css/bootstrap-reboot.rtl.min.css.map":"e341d82940e15aba323774ee5fa9075f2ec82cdd0414ef68051d9b0c9e2b1a39","/assets/vendor/bootstrap/css/bootstrap-utilities.css":"3965e51834dec454e01b765efb4fe18a8e8a38d86980099cc7894f13af633787","/assets/vendor/bootstrap/css/bootstrap-utilities.css.map":"253117fdc90c9afdd30a96159e4bcff0539c54f21b90eb8b9ce1e9e262ee5910","/assets/vendor/bootstrap/css/bootstrap-utilities.min.css":"b2f7748a633b583dd5bdc25c6370c460f23fd7d6063722a9fe77b3857abe20c6","/assets/vendor/bootstrap/css/bootstrap-utilities.min.css.map":"164633a05f2efddab125ac2d9f230015bdabaefedb902b462aac6f19b7a4392c","/assets/vendor/bootstrap/css/bootstrap-utilities.rtl.css":"2a2fbde02aaae25fec1b171de64f72e858d0a7155402665c3bae27ff973d488b","/assets/vendor/bootstrap/css/bootstrap-utilities.rtl.css.map":"622fc351419cbc0a14f7c829defbec8a645e5cd6f7360160290acac6f0d61e4a","/assets/vendor/bootstrap/css/bootstrap-utilities.rtl.min.css":"396070384d6cbd5844f797bd6ac666f3fe41ccddfa87bf20c8e796da11f34ee6","/assets/vendor/bootstrap/css/bootstrap-utilities.rtl.min.css.map":"4f2c660bc53c7562292b382928d489580d158e030051915fb6170fd0a4e25391","/assets/vendor/bootstrap/css/bootstrap.css":"4b33a8dd6d3644e9b8aef800547d96eadebcf9adead4adcb354aa44b94d1c051","/assets/vendor/bootstrap/css/bootstrap.css.map":"375ce383a215be68fbabb2f0ddfcdc19425631c730a300fbd26004671a899532","/assets/vendor/bootstrap/css/bootstrap.min.css":"f2bc8ffe4f0351cf8fcd0f0ea0c96c0bfd9a252836a5d69e07f49dc4e22da667","/assets/vendor/bootstrap/css/bootstrap.min.css.map":"24534232877586a3c29b61272d6f99a2157d9f698aca82655c92a4e0422605c7","/assets/vendor/bootstrap/css/bootstrap.rtl.css":"84e4f0f06a547f926b836578589ba8b19529c5a047662faefce6bf56ecdc7ddd","/assets/vendor/bootstrap/css/bootstrap.rtl.css.map":"92d1c26b1718b9e59f90df5dc63822c37ff96051461c1d8ee749fd2cca6a20a7","/assets/vendor/bootstrap/css/bootstrap.rtl.min.css":"12ef00eea0d95877a5019437a4b9aeec13a55a9d2c9962223d8f0e967e95f511","/assets/vendor/bootstrap/css/bootstrap.rtl.min.css.map":"44f0fb152fc6b1ce8d1d1af85060f10935339ba70e5f1fed21c32a1e6630ab02","/assets/vendor/bootstrap/js/bootstrap.bundle.js":"bb086e2b11c4aed4b6ec042e3e74833ddab6adc4e66b372e7d9a9316c0027a81","/assets/vendor/bootstrap/js/bootstrap.bundle.js.map":"6980108152ff3d48debc4870b18e0021cf56cb067751cab4f74d00e8bd781c9a","/assets/vendor/bootstrap/js/bootstrap.bundle.min.js":"f50458194dbd606e38aec9c40bc5763e386573446761f94d2d33c93716031094","/assets/vendor/bootstrap/js/bootstrap.bundle.min.js.map":"ca617aa8d2e3f54f721524f2c6e7bccd7f3a30aacf55d21167ffe9fa85fcd62d","/assets/vendor/bootstrap/js/bootstrap.esm.js":"094c2072278af0f068c8b4e5de43fca1962b2e498dfe5a723eb5f0ed2e622f83","/assets/vendor/bootstrap/js/bootstrap.esm.js.map":"35caec03192aa515bd2f5bb1eba98636c18807a68ef7a5be92a4dba5644eb75c","/assets/vendor/bootstrap/js/bootstrap.esm.min.js":"efa7be3b53a5fa17cd3a233cdbe5182fdfe8dedda3b43724be1b2a2dd8785043","/assets/vendor/bootstrap/js/bootstrap.esm.min.js.map":"4cf256237dcedc75804d85fdb1544ceca6a25686ddcfe6848f6574966afcd7ab","/assets/vendor/bootstrap/js/bootstrap.js":"299fa2d99342a587393d6b442c423a7bef9e100590041f07e4a225b2c736edb9","/assets/vendor/bootstrap/js/bootstrap.js.map":"83b1138e3b0f1fc298d95f04c498f80683150e17ce026b05b78dacd36c105adf","/assets/vendor/bootstrap/js/bootstrap.min.js":"5ad1df7e63b75a6d2cebac373d9ab9094ceec5198ebb3255b30605fb14f30d78","/assets/vendor/bootstrap/js/bootstrap.min.js.map":"e0e7f1d19013196dc5c4738bb22ce2721996296326a51605f13ba486e1662f53","/assets/vendor/bootstrap-icons/bootstrap-icons.css":"0812bf22943bd69e5d76967c04e01196765842460c53c184ae909708d74f4258","/assets/vendor/bootstrap-icons/bootstrap-icons.json":"6a3c2de18f00500af9a81db101c360d9aca3f4ac8d60f5caf0d9e15d029890de","/assets/vendor/bootstrap-icons/index.html":"cca981e99892592693992e647a50ea0d98848d1e77a7ef82e50f6a336aec53d0","/assets/vendor/bootstrap-icons/fonts/bootstrap-icons.woff":"2a85103569a997128683d65f622e7c4459cf755988eb2483e515241f28f5e126","/assets/vendor/bootstrap-icons/fonts/bootstrap-icons.woff2":"9272f2eb03d5f79aa1c5a730305b41652e9734a149568e7a8bcbe4a8ac0985ff","/assets/vendor/boxicons/css/animations.css":"8ee1314d5ff6792443b3511ae0dc829a4173365c935f0ffc8fa964dd52f14645","/assets/vendor/boxicons/css/boxicons.css":"cdbc2646e6c5a1e14fc3dcb58e34b54f6631b2eaf3d0d8fae46012415cb2d01b","/assets/vendor/boxicons/css/boxicons.min.css":"099dd45bf95d122e862ce7020c841e8da225942c6518e575c7f6517677b5ea98","/assets/vendor/boxicons/css/transformations.css":"41e3cbd07aa7cb7c1d66c4d24cdd48cb00006b61e9f0344cf91170221a9d5b86","/assets/vendor/boxicons/fonts/boxicons.eot":"5712a1b952960fe6b178803c5a285a1b596bee9759ce819744e1337b965ce528","/assets/vendor/boxicons/fonts/boxicons.svg":"c81114262965f529cac7426d88df0387fac276a339a988a064e2fe5893669733","/assets/vendor/boxicons/fonts/boxicons.ttf":"1c1c06e8c9a255e275afe4e4f787169da5fe36821c1b79656933dcad59725d96","/assets/vendor/boxicons/fonts/boxicons.woff":"5a713280655771bc8d52472fdcab57b7a3f9fbe7cd3c4e40218ad9927091a4a7","/assets/vendor/boxicons/fonts/boxicons.woff2":"6ad3907501ab23b949b7ae1e887c7adc85382264b8ffebe01402d6d152ab9fee","/assets/vendor/fontawesome-free/css/all.css":"842b3c8558c516210326e5216c0604ed254438c0db951fbb81be00b007a82e69","/assets/vendor/fontawesome-free/css/all.min.css":"84a3f0dced215af6446a05c6cb973763e11732aca17c625201ead09af876388b","/assets/vendor/fontawesome-free/css/brands.css":"248f8040bfa069bf56076f20232e5a4595da618b26c9fd10b3e992f2dbf9f185","/assets/vendor/fontawesome-free/css/brands.min.css":"79203a744e624785b9c155e49f1c2f26086cc473a7cbba786bf3889bcd4c7588","/assets/vendor/fontawesome-free/css/fontawesome.css":"89eb53c6534243f062bd878b411da334d9e77fead2555647b5785e517cb8d032","/assets/vendor/fontawesome-free/css/fontawesome.min.css":"65761a1235a69bc586ccd02ef69a1e7e943ce898fd5c02a8c567c4e3fea1b543","/assets/vendor/fontawesome-free/css/regular.css":"236d22752c87c4607412c3e28d5597472ad6bb83c4e2cc6b7a0fa853169c71d0","/assets/vendor/fontawesome-free/css/regular.min.css":"9ea980f95b0ed002dcc4e86512552dcc9274d21bacedcaed6ffe51bd447f476a","/assets/vendor/fontawesome-free/css/solid.css":"4fdba0888c50be095d33dcd3575cef8ee04bb2780321bccf43115b814e629818","/assets/vendor/fontawesome-free/css/solid.min.css":"c50bb35acd08ad8b27c3d48697b3b20a09c632c2ec4f99668e05f9de25a652ac","/assets/vendor/fontawesome-free/css/svg-with-js.css":"88b0a2ba985d6aaa9b225fbe9ca7b9643859fa3e1f9b41eb30b341b609f4e741","/assets/vendor/fontawesome-free/css/svg-with-js.min.css":"dd31a384e38d843a0e3c93512180c1e3698a3070c480b54dfcafe54c97177ab8","/assets/vendor/fontawesome-free/css/v4-shims.css":"6830f4540dd5472495701d5f76ad430f412bda07e2221e003d45fbf0e0f783ad","/assets/vendor/fontawesome-free/css/v4-shims.min.css":"a21a6c16350ba257029cde7e4f61f53992b4f84ec5edb504d7a49cbe85f94ad7","/assets/vendor/fontawesome-free/webfonts/fa-brands-400.eot":"d984c46096797bc379910883d455bbc4b6e65276af83dcb2259b56c87eda5a2a","/assets/vendor/fontawesome-free/webfonts/fa-brands-400.svg":"a05450629c0d156fc90b0b945d38a268543855d6514ab7fb24573214a6015e37","/assets/vendor/fontawesome-free/webfonts/fa-brands-400.ttf":"d2fec613bc0824be7d57f25fcaf9252d0021538ce26589062598f5cdff5e347b","/assets/vendor/fontawesome-free/webfonts/fa-brands-400.woff":"1b42719786b7e76a71af1a44a57ea43abda8da1512a2140fb26fe7698c92e848","/assets/vendor/fontawesome-free/webfonts/fa-brands-400.woff2":"febc377716ecb54e3d884ba0fcde1422f6988efcbb00de314bb27b2319a57a06","/assets/vendor/fontawesome-free/webfonts/fa-regular-400.eot":"56d573ad0adf72d9a169c09f752e8486f9638886ef8c9086a035e8fde97e9916","/assets/vendor/fontawesome-free/webfonts/fa-regular-400.svg":"5fb28d2fdc81c588e12297adf237d9b10423aca4636cb0f42da46960b1263e25","/assets/vendor/fontawesome-free/webfonts/fa-regular-400.ttf":"5b94be549fd8a5aaad71150b1bc0320fc64a8fa85960481a86243469e0076caf","/assets/vendor/fontawesome-free/webfonts/fa-regular-400.woff":"66b0c41aa009e3511e3d50e73bacb1e2610977cadd6a7c39b61a1e53a11e4bf3","/assets/vendor/fontawesome-free/webfonts/fa-regular-400.woff2":"682676b9a4635c93e520444bca99632c5d9933ccc8972b228f99b6b68ef4b406","/assets/vendor/fontawesome-free/webfonts/fa-solid-900.eot":"8b7f27a7b6b5fac0b063ae245a6e047d2fe08a58ec874758478f6f4a2657c2ff","/assets/vendor/fontawesome-free/webfonts/fa-solid-900.svg":"b09fa23337028fa2fce6cfabcfb1a182721e9c8d4569de0ba7eb15bfc7ce4f81","/assets/vendor/fontawesome-free/webfonts/fa-solid-900.ttf":"cfa4da78991398e75581b5007f67892cf2fab691f46148579a170e2198493304","/assets/vendor/fontawesome-free/webfonts/fa-solid-900.woff":"d096aa71777aa0eff9244c950b02a500d54bd34223cb649755bca4804877be90","/assets/vendor/fontawesome-free/webfonts/fa-solid-900.woff2":"1372dcb89880aed93ada00d7bef08bd992d7c949b67007e99f6c0be11eda15e5","/assets/vendor/glightbox/css/glightbox.css":"cc4eeab078c790c7c6bff4ae163b694a28e38fbe7a146d1ffc7c5f56434792ae","/assets/vendor/glightbox/css/glightbox.min.css":"1f10cb10edf2d9aeb14aa9d059fe2849530731e7e3b0a5d374d47f020531e267","/assets/vendor/glightbox/js/glightbox.js":"94e4bedc89b2c3fca0e2461e21bedce37e5b2c8c3e08e01734c5d4c4757801fd","/assets/vendor/glightbox/js/glightbox.min.js":"df18735987c8b0e68ae411bdd4047cc643fc4b80cdd82f98b2a08487ec30d9e9","/assets/vendor/php-email-form/validate.js":"c866203fee9095f37aa0341b257da53828f029a157110b884d203999f0ab2f5f","/assets/vendor/purecounter/purecounter.js":"60e9b74b5a4cc38b6bf70c079608bb6f12d00bff50bc5f155b490b845e46c617","/assets/vendor/remixicon/remixicon.css":"d89de5a70854d17ce89a3c69420eb18214abb3f802e1c8743d1da48c70fb1306","/assets/vendor/remixicon/remixicon.eot":"5b8bc94df38353c843728d687c09929d00f6a6d117ee61db9768a73251624fda","/assets/vendor/remixicon/remixicon.less":"da555061c67565423094b4595b3573ea16949c90c464aee3fbf953e3b6272800","/assets/vendor/remixicon/remixicon.svg":"6cdc6f4b9795026411bdcf9bb780e20f382e98674332966ec6d2700b1b8e9f7f","/assets/vendor/remixicon/remixicon.symbol.svg":"d9bba326363e4108682311f1bc376826406feb55c6fd079cfa4f259d342d4bcc","/assets/vendor/remixicon/remixicon.ttf":"d934f6ba610e11447def75779aca53d486a61316583d8e6c50df046636df43a2","/assets/vendor/remixicon/remixicon.woff":"882ce6588d0e2a021964119ca3133503d7b490dfb196d1ae808fd8a067f1c8e3","/assets/vendor/remixicon/remixicon.woff2":"ddffd820bc915430a7f0852c017d00624c2e86adc0237252823752c7a7a26375","/assets/vendor/swiper/swiper-bundle.min.css":"bd0674c02ce05339690164ae4d35215b4659d9955d69d677b746a705249fb003","/assets/vendor/swiper/swiper-bundle.min.js":"1bda4c75059c03c3fc18e63167b95659ec97e37cf5395fad3d539d4b8fb4bc24","/asset-manifest.json":"cc65232acec7bbff9f83e2015213e414072f7b7baff8fbcf948e5025c95dfb25","/index.html":"a3d8767475691c5884dea69d6b4953480c2508e4ce5ef3c3df335159666b73bb","/static/js/787.f6eb123d.chunk.js":"9da00954c451d9ae1627e8d0b4535daceb4a945a5a4755779bf42c703d7d5ba7","/static/js/787.f6eb123d.chunk.js.map":"4e074b02ebb2c7b30a4addcf6125bd375a219e13e19114fd6f6413f1fbd85837","/static/js/main.c8b31ee2.js.LICENSE.txt":"b1ecee4d1a87ff7ce355ba13c5bd4acb9ac3d5dba0a6695e073d8c98893e8e6e","/assets/css/style.css":"da65da3c95c081e80ae71e0dc27a098838d50d96d08bc7d150fb5f6d6f741dc4","/static/css/main.407ecb8f.css":"f3d6db393188f353aada2048feb1487966e0ad348aaee6744f4b22f0379ea948","/static/css/main.407ecb8f.css.map":"099689ace263c215295ef8ca538d1a51f56568b01a3d12646c9df3ef97448f96","/static/js/main.c8b31ee2.js":"c53c39e46dc4b5c615750723721df098613678074d0f02d95676d3ccca59cf33","/static/js/main.c8b31ee2.js.map":"6fa45ae2ad53880c79553d2673c58d6ef877e1796d21ce09f5bb5a8f4eebd086"}}
[debug] [2023-08-24T14:00:50.950Z] <<< [apiv2][status] POST https://firebasehosting.googleapis.com/v1beta1/projects/689176507114/sites/cityhospital1/versions/64093d37ed546ebd:populateFiles 200
[debug] [2023-08-24T14:00:50.951Z] <<< [apiv2][body] POST https://firebasehosting.googleapis.com/v1beta1/projects/689176507114/sites/cityhospital1/versions/64093d37ed546ebd:populateFiles {"uploadRequiredHashes":["a3d8767475691c5884dea69d6b4953480c2508e4ce5ef3c3df335159666b73bb","6fa45ae2ad53880c79553d2673c58d6ef877e1796d21ce09f5bb5a8f4eebd086","da65da3c95c081e80ae71e0dc27a098838d50d96d08bc7d150fb5f6d6f741dc4","cc65232acec7bbff9f83e2015213e414072f7b7baff8fbcf948e5025c95dfb25","c53c39e46dc4b5c615750723721df098613678074d0f02d95676d3ccca59cf33"],"uploadUrl":"https://upload-firebasehosting.googleapis.com/upload/sites/cityhospital1/versions/64093d37ed546ebd/files"}
[debug] [2023-08-24T14:00:50.954Z] >>> [apiv2][query] POST https://upload-firebasehosting.googleapis.com/upload/sites/cityhospital1/versions/64093d37ed546ebd/files/a3d8767475691c5884dea69d6b4953480c2508e4ce5ef3c3df335159666b73bb [none]
[debug] [2023-08-24T14:00:50.954Z] >>> [apiv2][body] POST https://upload-firebasehosting.googleapis.com/upload/sites/cityhospital1/versions/64093d37ed546ebd/files/a3d8767475691c5884dea69d6b4953480c2508e4ce5ef3c3df335159666b73bb [stream]
[debug] [2023-08-24T14:00:50.958Z] >>> [apiv2][query] POST https://upload-firebasehosting.googleapis.com/upload/sites/cityhospital1/versions/64093d37ed546ebd/files/6fa45ae2ad53880c79553d2673c58d6ef877e1796d21ce09f5bb5a8f4eebd086 [none]
[debug] [2023-08-24T14:00:50.958Z] >>> [apiv2][body] POST https://upload-firebasehosting.googleapis.com/upload/sites/cityhospital1/versions/64093d37ed546ebd/files/6fa45ae2ad53880c79553d2673c58d6ef877e1796d21ce09f5bb5a8f4eebd086 [stream]
[debug] [2023-08-24T14:00:50.961Z] >>> [apiv2][query] POST https://upload-firebasehosting.googleapis.com/upload/sites/cityhospital1/versions/64093d37ed546ebd/files/da65da3c95c081e80ae71e0dc27a098838d50d96d08bc7d150fb5f6d6f741dc4 [none]
[debug] [2023-08-24T14:00:50.961Z] >>> [apiv2][body] POST https://upload-firebasehosting.googleapis.com/upload/sites/cityhospital1/versions/64093d37ed546ebd/files/da65da3c95c081e80ae71e0dc27a098838d50d96d08bc7d150fb5f6d6f741dc4 [stream]
[debug] [2023-08-24T14:00:50.963Z] >>> [apiv2][query] POST https://upload-firebasehosting.googleapis.com/upload/sites/cityhospital1/versions/64093d37ed546ebd/files/cc65232acec7bbff9f83e2015213e414072f7b7baff8fbcf948e5025c95dfb25 [none]
[debug] [2023-08-24T14:00:50.964Z] >>> [apiv2][body] POST https://upload-firebasehosting.googleapis.com/upload/sites/cityhospital1/versions/64093d37ed546ebd/files/cc65232acec7bbff9f83e2015213e414072f7b7baff8fbcf948e5025c95dfb25 [stream]
[debug] [2023-08-24T14:00:50.965Z] >>> [apiv2][query] POST https://upload-firebasehosting.googleapis.com/upload/sites/cityhospital1/versions/64093d37ed546ebd/files/c53c39e46dc4b5c615750723721df098613678074d0f02d95676d3ccca59cf33 [none]
[debug] [2023-08-24T14:00:50.965Z] >>> [apiv2][body] POST https://upload-firebasehosting.googleapis.com/upload/sites/cityhospital1/versions/64093d37ed546ebd/files/c53c39e46dc4b5c615750723721df098613678074d0f02d95676d3ccca59cf33 [stream]
[debug] [2023-08-24T14:00:50.967Z] [hosting][populate queue][FINAL] {"max":2442,"min":2442,"avg":2442,"active":0,"complete":1,"success":1,"errored":0,"retried":0,"total":1,"elapsed":2455}
[debug] [2023-08-24T14:00:50.967Z] [hosting] uploads queued: 5
[debug] [2023-08-24T14:00:53.809Z] <<< [apiv2][status] POST https://upload-firebasehosting.googleapis.com/upload/sites/cityhospital1/versions/64093d37ed546ebd/files/da65da3c95c081e80ae71e0dc27a098838d50d96d08bc7d150fb5f6d6f741dc4 200
[debug] [2023-08-24T14:00:53.809Z] <<< [apiv2][body] POST https://upload-firebasehosting.googleapis.com/upload/sites/cityhospital1/versions/64093d37ed546ebd/files/da65da3c95c081e80ae71e0dc27a098838d50d96d08bc7d150fb5f6d6f741dc4 [stream]
[debug] [2023-08-24T14:00:54.005Z] <<< [apiv2][status] POST https://upload-firebasehosting.googleapis.com/upload/sites/cityhospital1/versions/64093d37ed546ebd/files/cc65232acec7bbff9f83e2015213e414072f7b7baff8fbcf948e5025c95dfb25 200
[debug] [2023-08-24T14:00:54.005Z] <<< [apiv2][body] POST https://upload-firebasehosting.googleapis.com/upload/sites/cityhospital1/versions/64093d37ed546ebd/files/cc65232acec7bbff9f83e2015213e414072f7b7baff8fbcf948e5025c95dfb25 [stream]
[debug] [2023-08-24T14:00:54.621Z] <<< [apiv2][status] POST https://upload-firebasehosting.googleapis.com/upload/sites/cityhospital1/versions/64093d37ed546ebd/files/a3d8767475691c5884dea69d6b4953480c2508e4ce5ef3c3df335159666b73bb 200
[debug] [2023-08-24T14:00:54.621Z] <<< [apiv2][body] POST https://upload-firebasehosting.googleapis.com/upload/sites/cityhospital1/versions/64093d37ed546ebd/files/a3d8767475691c5884dea69d6b4953480c2508e4ce5ef3c3df335159666b73bb [stream]
[debug] [2023-08-24T14:00:56.307Z] <<< [apiv2][status] POST https://upload-firebasehosting.googleapis.com/upload/sites/cityhospital1/versions/64093d37ed546ebd/files/6fa45ae2ad53880c79553d2673c58d6ef877e1796d21ce09f5bb5a8f4eebd086 200
[debug] [2023-08-24T14:00:56.307Z] <<< [apiv2][body] POST https://upload-firebasehosting.googleapis.com/upload/sites/cityhospital1/versions/64093d37ed546ebd/files/6fa45ae2ad53880c79553d2673c58d6ef877e1796d21ce09f5bb5a8f4eebd086 [stream]
[debug] [2023-08-24T14:00:56.994Z] <<< [apiv2][status] POST https://upload-firebasehosting.googleapis.com/upload/sites/cityhospital1/versions/64093d37ed546ebd/files/c53c39e46dc4b5c615750723721df098613678074d0f02d95676d3ccca59cf33 200
[debug] [2023-08-24T14:00:56.995Z] <<< [apiv2][body] POST https://upload-firebasehosting.googleapis.com/upload/sites/cityhospital1/versions/64093d37ed546ebd/files/c53c39e46dc4b5c615750723721df098613678074d0f02d95676d3ccca59cf33 [stream]
[debug] [2023-08-24T14:00:56.995Z] [hosting][upload queue][FINAL] {"max":6041,"min":2856,"avg":4194.6,"active":0,"complete":5,"success":5,"errored":0,"retried":0,"total":5,"elapsed":6044}
[info] +  hosting[cityhospital1]: file upload complete 
[debug] [2023-08-24T14:00:56.998Z] [hosting] deploy completed after 9939ms
[debug] [2023-08-24T14:00:56.998Z] [
  {
    "config": {
      "public": "build",
      "ignore": [
        "firebase.json",
        "**/.*",
        "**/node_modules/**"
      ],
      "rewrites": [
        {
          "source": "**",
          "destination": "/index.html"
        }
      ],
      "site": "cityhospital1"
    },
    "version": "projects/689176507114/sites/cityhospital1/versions/64093d37ed546ebd"
  }
]
[info] i  hosting[cityhospital1]: finalizing version... 
[debug] [2023-08-24T14:00:57.004Z] >>> [apiv2][query] PATCH https://firebasehosting.googleapis.com/v1beta1/projects/-/sites/cityhospital1/versions/64093d37ed546ebd updateMask=status%2Cconfig
[debug] [2023-08-24T14:00:57.004Z] >>> [apiv2][body] PATCH https://firebasehosting.googleapis.com/v1beta1/projects/-/sites/cityhospital1/versions/64093d37ed546ebd {"status":"FINALIZED","config":{"rewrites":[{"glob":"**","path":"/index.html"}]}}
[debug] [2023-08-24T14:00:58.823Z] <<< [apiv2][status] PATCH https://firebasehosting.googleapis.com/v1beta1/projects/-/sites/cityhospital1/versions/64093d37ed546ebd 200
[debug] [2023-08-24T14:00:58.824Z] <<< [apiv2][body] PATCH https://firebasehosting.googleapis.com/v1beta1/projects/-/sites/cityhospital1/versions/64093d37ed546ebd {"name":"projects/689176507114/sites/cityhospital1/versions/64093d37ed546ebd","status":"FINALIZED","config":{"rewrites":[{"glob":"**","path":"/index.html"}]},"labels":{"deployment-tool":"cli-firebase"},"createTime":"2023-08-24T14:00:47.142981Z","createUser":{"email":"pagadamaulik4@gmail.com"},"finalizeTime":"2023-08-24T14:00:59.353286Z","finalizeUser":{"email":"pagadamaulik4@gmail.com"}}
[debug] [2023-08-24T14:00:58.824Z] [hosting] finalized version for cityhospital1:[object Object]
[info] +  hosting[cityhospital1]: version finalized 
[info] i  hosting[cityhospital1]: releasing new version... 
[debug] [2023-08-24T14:00:58.826Z] >>> [apiv2][query] POST https://firebasehosting.googleapis.com/v1beta1/projects/-/sites/cityhospital1/channels/live/releases versionName=projects%2F689176507114%2Fsites%2Fcityhospital1%2Fversions%2F64093d37ed546ebd
[debug] [2023-08-24T14:00:58.826Z] >>> [apiv2][body] POST https://firebasehosting.googleapis.com/v1beta1/projects/-/sites/cityhospital1/channels/live/releases {}
[debug] [2023-08-24T14:01:02.669Z] <<< [apiv2][status] POST https://firebasehosting.googleapis.com/v1beta1/projects/-/sites/cityhospital1/channels/live/releases 200
[debug] [2023-08-24T14:01:02.669Z] <<< [apiv2][body] POST https://firebasehosting.googleapis.com/v1beta1/projects/-/sites/cityhospital1/channels/live/releases {"name":"projects/689176507114/sites/cityhospital1/channels/live/releases/1692885661948000","version":{"name":"projects/689176507114/sites/cityhospital1/versions/64093d37ed546ebd","status":"FINALIZED","config":{"rewrites":[{"glob":"**","path":"/index.html"}]},"labels":{"deployment-tool":"cli-firebase"},"createTime":"2023-08-24T14:00:47.142981Z","createUser":{"email":"pagadamaulik4@gmail.com","imageUrl":"https://lh3.googleusercontent.com/a/AAcHTtcwQbZtER3dPkGKTSKoTqgYqpjD1hpBKvIK47gLqh0WzQ"},"finalizeTime":"2023-08-24T14:00:59.353286Z","finalizeUser":{"email":"pagadamaulik4@gmail.com","imageUrl":"https://lh3.googleusercontent.com/a/AAcHTtcwQbZtER3dPkGKTSKoTqgYqpjD1hpBKvIK47gLqh0WzQ"}},"type":"DEPLOY","releaseTime":"2023-08-24T14:01:01.948Z","releaseUser":{"email":"pagadamaulik4@gmail.com","imageUrl":"https://lh3.googleusercontent.com/a/AAcHTtcwQbZtER3dPkGKTSKoTqgYqpjD1hpBKvIK47gLqh0WzQ"}}
[debug] [2023-08-24T14:01:02.669Z] [hosting] release: {"name":"projects/689176507114/sites/cityhospital1/channels/live/releases/1692885661948000","version":{"name":"projects/689176507114/sites/cityhospital1/versions/64093d37ed546ebd","status":"FINALIZED","config":{"rewrites":[{"glob":"**","path":"/index.html"}]},"labels":{"deployment-tool":"cli-firebase"},"createTime":"2023-08-24T14:00:47.142981Z","createUser":{"email":"pagadamaulik4@gmail.com","imageUrl":"https://lh3.googleusercontent.com/a/AAcHTtcwQbZtER3dPkGKTSKoTqgYqpjD1hpBKvIK47gLqh0WzQ"},"finalizeTime":"2023-08-24T14:00:59.353286Z","finalizeUser":{"email":"pagadamaulik4@gmail.com","imageUrl":"https://lh3.googleusercontent.com/a/AAcHTtcwQbZtER3dPkGKTSKoTqgYqpjD1hpBKvIK47gLqh0WzQ"}},"type":"DEPLOY","releaseTime":"2023-08-24T14:01:01.948Z","releaseUser":{"email":"pagadamaulik4@gmail.com","imageUrl":"https://lh3.googleusercontent.com/a/AAcHTtcwQbZtER3dPkGKTSKoTqgYqpjD1hpBKvIK47gLqh0WzQ"}}
[info] +  hosting[cityhospital1]: release complete 
[info] 
[info] +  Deploy complete! 
[info] 
[info] Project Console: https://console.firebase.google.com/project/cityhospital1/overview
[info] Hosting URL: https://cityhospital1.web.app
[debug] [2023-08-24T14:01:11.011Z] Error: Timed out.
    at Timeout.<anonymous> (C:\Users\hp\AppData\Roaming\npm\node_modules\firebase-tools\lib\utils.js:254:49)
    at listOnTimeout (node:internal/timers:569:17)
    at process.processTimers (node:internal/timers:512:7)
[error] 
[error] Error: An unexpected error has occurred.
